<?xml version="1.0" encoding="UTF-8"?>
<!-- Generated by org.testng.reporters.JUnitXMLReporter -->
<testsuite ignored="0" hostname="DESKTOP-F1LBVE6" failures="0" tests="5" name="Free CRM App Test Cases" time="36.134" errors="0" timestamp="10 Mar 2024 14:55:14 GMT">
  <testcase classname="com.crm.qa.testcases.CustomerloginTestcase" name="customerloginpagetest" time="2.252"/>
  <testcase classname="com.crm.qa.testcases.CustomerdepositTestcase" name="customerdeposit" time="2.853"/>
  <testcase classname="com.crm.qa.testcases.AddToCustomerTestcase" name="addcustomer" time="2.435"/>
  <testcase classname="com.crm.qa.testcases.OpenaccountTestcase" name="openaccount" time="1.709"/>
  <testcase classname="com.crm.qa.testcases.SearchcustomerTestcase" name="searchcustomers" time="1.62"/>
</testsuite> <!-- Free CRM App Test Cases -->
